c:\users\paula\source\repos\pruebalectura\pruebalectura\x64\debug\vc143.pdb
c:\users\paula\source\repos\pruebalectura\pruebalectura\x64\debug\vc143.idb
c:\users\paula\source\repos\pruebalectura\pruebalectura\x64\debug\pruebalectura.obj
c:\users\paula\source\repos\pruebalectura\pruebalectura\x64\debug\lectorcamara.obj
c:\users\paula\source\repos\pruebalectura\pruebalectura\x64\debug\pruebalectura.ilk
c:\users\paula\source\repos\pruebalectura\x64\debug\pruebalectura.pdb
c:\users\paula\source\repos\pruebalectura\pruebalectura\x64\debug\pruebalectura.tlog\cl.command.1.tlog
c:\users\paula\source\repos\pruebalectura\pruebalectura\x64\debug\pruebalectura.tlog\cl.items.tlog
c:\users\paula\source\repos\pruebalectura\pruebalectura\x64\debug\pruebalectura.tlog\cl.read.1.tlog
c:\users\paula\source\repos\pruebalectura\pruebalectura\x64\debug\pruebalectura.tlog\cl.write.1.tlog
c:\users\paula\source\repos\pruebalectura\pruebalectura\x64\debug\pruebalectura.tlog\link.2660-cvtres.read.1.tlog
c:\users\paula\source\repos\pruebalectura\pruebalectura\x64\debug\pruebalectura.tlog\link.2660-cvtres.write.1.tlog
c:\users\paula\source\repos\pruebalectura\pruebalectura\x64\debug\pruebalectura.tlog\link.2660-rc.read.1.tlog
c:\users\paula\source\repos\pruebalectura\pruebalectura\x64\debug\pruebalectura.tlog\link.2660-rc.write.1.tlog
c:\users\paula\source\repos\pruebalectura\pruebalectura\x64\debug\pruebalectura.tlog\link.2660.read.1.tlog
c:\users\paula\source\repos\pruebalectura\pruebalectura\x64\debug\pruebalectura.tlog\link.2660.read.2.tlog
c:\users\paula\source\repos\pruebalectura\pruebalectura\x64\debug\pruebalectura.tlog\link.2660.write.1.tlog
c:\users\paula\source\repos\pruebalectura\pruebalectura\x64\debug\pruebalectura.tlog\link.command.1.tlog
c:\users\paula\source\repos\pruebalectura\pruebalectura\x64\debug\pruebalectura.tlog\link.read.1.tlog
c:\users\paula\source\repos\pruebalectura\pruebalectura\x64\debug\pruebalectura.tlog\link.secondary.1.tlog
c:\users\paula\source\repos\pruebalectura\pruebalectura\x64\debug\pruebalectura.tlog\link.write.1.tlog
